<?xml version="1.0" encoding="utf-8" standalone="no"?>
<!--This file represents the results of running a test suite-->
<test-results name="D:\dev\minilab\MiniLab.Tests\bin\Debug\MiniLab.Tests.dll" total="2" errors="0" failures="0" not-run="0" inconclusive="0" ignored="0" skipped="0" invalid="0" date="2014-02-11" time="20:51:52">
  <environment nunit-version="2.6.2.12296" clr-version="4.0.30319.17929" os-version="Microsoft Windows NT 6.1.7600.0" platform="Win32NT" cwd="D:\dev\minilab\MiniLab.Tests\bin\Debug" machine-name="BAJWA-SERVER" user="Bajwa" user-domain="BAJWA-SERVER" />
  <culture-info current-culture="en-US" current-uiculture="en-US" />
  <test-suite type="Assembly" name="D:\dev\minilab\MiniLab.Tests\bin\Debug\MiniLab.Tests.dll" executed="True" result="Success" success="True" time="0.421" asserts="0">
    <results>
      <test-suite type="Namespace" name="MiniLab" executed="True" result="Success" success="True" time="0.406" asserts="0">
        <results>
          <test-suite type="Namespace" name="Tests" executed="True" result="Success" success="True" time="0.406" asserts="0">
            <results>
              <test-suite type="TestFixture" name="when_creating_a_new_MiniLab_instance" executed="True" result="Success" success="True" time="0.406" asserts="0">
                <results>
                  <test-case name="MiniLab.Tests.when_creating_a_new_MiniLab_instance._01_SHOULD_attempt_to_connect_with_the_usb_device_WHEN_the_connection_has_not_been_already_made" executed="True" result="Success" success="True" time="0.390" asserts="0" />
                  <test-case name="MiniLab.Tests.when_creating_a_new_MiniLab_instance._02_SHOULD_not_attempt_to_connect_with_the_usb_device_WHEN_the_connection_has_already_been_made" executed="True" result="Success" success="True" time="0.000" asserts="0" />
                </results>
              </test-suite>
            </results>
          </test-suite>
        </results>
      </test-suite>
    </results>
  </test-suite>
</test-results>